  AssemblyInfo.cpp
  ConversionHelper.cpp
ConversionHelper.cpp(10): warning C4018: '<': signed/unsigned mismatch
  NvTriStrip.cpp
NvTriStrip.cpp(89): warning C4018: '<': signed/unsigned mismatch
NvTriStrip.cpp(91): warning C4018: '<': signed/unsigned mismatch
NvTriStrip.cpp(102): warning C4018: '<': signed/unsigned mismatch
NvTriStrip.cpp(155): warning C4018: '<': signed/unsigned mismatch
NvTriStrip.cpp(168): warning C4018: '<': signed/unsigned mismatch
NvTriStrip.cpp(182): warning C4018: '<': signed/unsigned mismatch
NvTriStrip.cpp(219): warning C4018: '<': signed/unsigned mismatch
NvTriStrip.cpp(249): warning C4018: '<': signed/unsigned mismatch
NvTriStrip.cpp(263): warning C4018: '<': signed/unsigned mismatch
NvTriStrip.cpp(265): warning C4018: '<': signed/unsigned mismatch
NvTriStrip.cpp(283): warning C4018: '<': signed/unsigned mismatch
NvTriStrip.cpp(307): warning C4018: '<': signed/unsigned mismatch
NvTriStrip.cpp(315): warning C4018: '<': signed/unsigned mismatch
NvTriStrip.cpp(347): warning C4018: '<': signed/unsigned mismatch
NvTriStrip.cpp(364): warning C4018: '<': signed/unsigned mismatch
NvTriStrip.cpp(376): warning C4018: '<': signed/unsigned mismatch
NvTriStrip.cpp(399): warning C4018: '<': signed/unsigned mismatch
NvTriStrip.cpp(481): warning C4018: '<': signed/unsigned mismatch
  NvTriStripObjects.cpp
NvTriStripObjects.cpp(75): warning C4018: '<': signed/unsigned mismatch
NvTriStripObjects.cpp(259): warning C4018: '<': signed/unsigned mismatch
NvTriStripObjects.cpp(518): warning C4018: '<': signed/unsigned mismatch
NvTriStripObjects.cpp(639): warning C4018: '<': signed/unsigned mismatch
NvTriStripObjects.cpp(850): warning C4018: '<': signed/unsigned mismatch
NvTriStripObjects.cpp(852): warning C4018: '<': signed/unsigned mismatch
NvTriStripObjects.cpp(855): warning C4018: '<': signed/unsigned mismatch
NvTriStripObjects.cpp(883): warning C4018: '<': signed/unsigned mismatch
NvTriStripObjects.cpp(1142): warning C4018: '<': signed/unsigned mismatch
NvTriStripObjects.cpp(1147): warning C4018: '<': signed/unsigned mismatch
NvTriStripObjects.cpp(1200): warning C4018: '<': signed/unsigned mismatch
NvTriStripObjects.cpp(1207): warning C4018: '<': signed/unsigned mismatch
NvTriStripObjects.cpp(1324): warning C4018: '<': signed/unsigned mismatch
NvTriStripObjects.cpp(1353): warning C4018: '<': signed/unsigned mismatch
NvTriStripObjects.cpp(1358): warning C4018: '<': signed/unsigned mismatch
NvTriStripObjects.cpp(1385): warning C4018: '<': signed/unsigned mismatch
NvTriStripObjects.cpp(1460): warning C4018: '<': signed/unsigned mismatch
NvTriStripObjects.cpp(1501): warning C4018: '<': signed/unsigned mismatch
NvTriStripObjects.cpp(1738): warning C4018: '<': signed/unsigned mismatch
  NvTriStripUtility.cpp
  PrimitiveGroup.cpp
  Generating Code...
  .NETFramework,Version=v4.5.2.AssemblyAttributes.cpp
  ManagedNvTriStrip.vcxproj -> D:\Programming\Repos\ManagedNvTriStrip\Release\ManagedNvTriStrip.dll
XDCMAKE : warning XDC0017: Unrecognized XDCMake option: /fo
  XDCMAKE /old output_filename [options] 
  
  output_filename         name of output XML file
  
  Options:
   /?                     display this help message
   /nologo                suppress copyright message
   /Fs<path>              path to .XDC files  (default is .\*.XDC)
                           (multiple /Fs specs may be given)
   /Fo<path>              output XML document (default is AssemblyName.XML)
   /Fr<path>              same as /Fs but search subdirectories recursively
   /Fc<culture>           Force use of a particular localization (ex: /Fcen-GB)
   /delete                delete *.XDC files after successful merge
  
